<?xml version="1.0" encoding="UTF-8" ?>
<testsuite tests="6" failures="0" name="com.sapient.number.junit4.NumberTest" time="0.014" errors="0" skipped="0">
  <properties>
[...]
</properties>
  <testcase classname="com.sapient.number.junit4.NumberTest" name="checkPalindromeShouldReturnFalse" time="0.008"/>
  <testcase classname="com.sapient.number.junit4.NumberTest" name="checkAmstrongShouldReturnTrue" time="0.001"/>
  <testcase classname="com.sapient.number.junit4.NumberTest" name="checkAmstrongShouldReturnFalse" time="0.003"/>
  <testcase classname="com.sapient.number.junit4.NumberTest" name="checkPrimeShouldReturnOne" time="0.001"/>
  <testcase classname="com.sapient.number.junit4.NumberTest" name="checkPrimeShouldReturnZero" time="0.001"/>
  <testcase classname="com.sapient.number.junit4.NumberTest" name="checkPalindromeShouldReturnTrue" time="0"/>
</testsuite>